<?xml version="1.0" encoding="UTF-8"?>
<!-- Generated by org.testng.reporters.JUnitXMLReporter -->
<testsuite ignored="0" hostname="DESKTOP-A8J8QC4" failures="0" tests="3" name="Default test" time="33.96" errors="0" timestamp="2022-10-14T12:40:15 IST">
  <testcase classname="pratice.Dataprovider" name="companyDetails" time="11.761"/>
  <testcase classname="pratice.Dataprovider" name="companyDetails" time="10.984"/>
  <testcase classname="pratice.Dataprovider" name="companyDetails" time="11.131"/>
</testsuite> <!-- Default test -->
