<?xml version="1.0" encoding="UTF-8"?>
<testng-results ignored="0" total="3" passed="3" failed="0" skipped="0">
  <reporter-output>
  </reporter-output>
  <suite started-at="2022-10-14T12:39:41 IST" name="Default suite" finished-at="2022-10-14T12:40:15 IST" duration-ms="33960">
    <groups>
    </groups>
    <test started-at="2022-10-14T12:39:41 IST" name="Default test" finished-at="2022-10-14T12:40:15 IST" duration-ms="33960">
      <class name="pratice.Dataprovider">
        <test-method signature="companyDetails(java.lang.String,java.lang.String,java.lang.String)[pri:0, instance:pratice.Dataprovider@10feca44]" started-at="2022-10-14T12:39:41 IST" name="companyDetails" data-provider="dataProvider_test" finished-at="2022-10-14T12:39:52 IST" duration-ms="11761" status="PASS">
          <params>
            <param index="0">
              <value>
                <![CDATA[AAA]]>
              </value>
            </param>
            <param index="1">
              <value>
                <![CDATA[8277777633]]>
              </value>
            </param>
            <param index="2">
              <value>
                <![CDATA[rrarrar@gmail.com]]>
              </value>
            </param>
          </params>
          <reporter-output>
          </reporter-output>
        </test-method> <!-- companyDetails -->
        <test-method signature="companyDetails(java.lang.String,java.lang.String,java.lang.String)[pri:0, instance:pratice.Dataprovider@10feca44]" started-at="2022-10-14T12:39:52 IST" name="companyDetails" data-provider="dataProvider_test" finished-at="2022-10-14T12:40:03 IST" duration-ms="10984" status="PASS">
          <params>
            <param index="0">
              <value>
                <![CDATA[BBB]]>
              </value>
            </param>
            <param index="1">
              <value>
                <![CDATA[8277777625]]>
              </value>
            </param>
            <param index="2">
              <value>
                <![CDATA[rrarr@gmail.com]]>
              </value>
            </param>
          </params>
          <reporter-output>
          </reporter-output>
        </test-method> <!-- companyDetails -->
        <test-method signature="companyDetails(java.lang.String,java.lang.String,java.lang.String)[pri:0, instance:pratice.Dataprovider@10feca44]" started-at="2022-10-14T12:40:03 IST" name="companyDetails" data-provider="dataProvider_test" finished-at="2022-10-14T12:40:15 IST" duration-ms="11131" status="PASS">
          <params>
            <param index="0">
              <value>
                <![CDATA[CCC]]>
              </value>
            </param>
            <param index="1">
              <value>
                <![CDATA[8277777785]]>
              </value>
            </param>
            <param index="2">
              <value>
                <![CDATA[rra@gmail.com]]>
              </value>
            </param>
          </params>
          <reporter-output>
          </reporter-output>
        </test-method> <!-- companyDetails -->
      </class> <!-- pratice.Dataprovider -->
    </test> <!-- Default test -->
  </suite> <!-- Default suite -->
</testng-results>
